<?xml version="1.0" encoding="UTF-8"?>
<Site BuildName="(empty)"
	BuildStamp="20260209-0128-Experimental"
	Name="(empty)"
	Generator="ctest-3.25.1"
	CompilerName=""
	CompilerVersion=""
	OSName="macOS"
	Hostname="MacBook-Air-6.local"
	OSRelease="14.6.1"
	OSVersion="23G93"
	OSPlatform="arm64"
	Is64Bits="1"
	VendorString="IBM"
	VendorID="IBM"
	FamilyID="16777228"
	ModelID="2"
	ProcessorCacheSize="131072"
	NumberOfLogicalCPU="8"
	NumberOfPhysicalCPU="8"
	TotalVirtualMemory="7168"
	TotalPhysicalMemory="16384"
	LogicalProcessorsPerPhysical="8"
	ProcessorClockFrequency="0"
	>
	<Testing>
		<StartDateTime>Feb 08 20:50 EST</StartDateTime>
		<StartTestTime>1770601826</StartTestTime>
		<TestList/>
		<EndDateTime>Feb 08 20:50 EST</EndDateTime>
		<EndTestTime>1770601826</EndTestTime>
		<ElapsedMinutes>0</ElapsedMinutes>
	</Testing>
</Site>
